<?xml version="1.0" encoding="UTF-8"?>
<testsuite xmlns:xsi="http://www.w3.org/2001/XMLSchema-instance" xsi:noNamespaceSchemaLocation="https://maven.apache.org/surefire/maven-surefire-plugin/xsd/surefire-test-report-3.0.xsd" version="3.0" name="com.example.supportbot.settings.BotSettingsServiceTest" time="1.939" tests="3" errors="0" skipped="0" failures="0">
  <properties>
[...]
</properties>
  <testcase name="defaultSettingsShouldExposePresetQuestionsAndRatings" classname="com.example.supportbot.settings.BotSettingsServiceTest" time="1.69"/>
  <testcase name="buildLocationPresetsShouldMatchExpectedOutput" classname="com.example.supportbot.settings.BotSettingsServiceTest" time="0.085"/>
  <testcase name="sanitizeShouldNormalizeSettings" classname="com.example.supportbot.settings.BotSettingsServiceTest" time="0.08"/>
</testsuite>